Using pre-set license
Built from '2021.1/release' branch; Version is '2021.1.4f1 (4cd64a618c1b) revision 5035594'; Using compiler version '192528614'; Build Type 'Release'
OS: 'Windows 10 Home; OS build 19042.1052; Version 2009; 64bit' Language: 'en' Physical Memory: 65485 MB
BatchMode: 1, IsHumanControllingUs: 0, StartBugReporterOnCrash: 0, Is64bit: 1, IsPro: 0

 COMMAND LINE ARGUMENTS:
S:\Creative\2021.1.4f1\Editor\Unity.exe
-adb2
-batchMode
-noUpm
-name
AssetImportWorker0
-projectPath
S:/GPF104/Group Project
-logFile
Logs/AssetImportWorker0.log
-srvPort
58215
Successfully changed project path to: S:/GPF104/Group Project
S:/GPF104/Group Project
Using Asset Import Pipeline V2.
Refreshing native plugins compatible for Editor in 90.47 ms, found 2 plugins.
Preloading 0 native plugins for Editor in 0.00 ms.
Initialize engine version: 2021.1.4f1 (4cd64a618c1b)
[Subsystems] Discovering subsystems at path S:/Creative/2021.1.4f1/Editor/Data/Resources/UnitySubsystems
[Subsystems] Discovering subsystems at path S:/GPF104/Group Project/Assets
GfxDevice: creating device client; threaded=0; jobified=0
Direct3D:
    Version:  Direct3D 11.0 [level 11.1]
    Renderer: NVIDIA GeForce RTX 2070 SUPER (ID=0x1e84)
    Vendor:   NVIDIA
    VRAM:     8011 MB
    Driver:   27.21.14.6627
Initialize mono
Mono path[0] = 'S:/Creative/2021.1.4f1/Editor/Data/Managed'
Mono path[1] = 'S:/Creative/2021.1.4f1/Editor/Data/MonoBleedingEdge/lib/mono/unityjit'
Mono config path = 'S:/Creative/2021.1.4f1/Editor/Data/MonoBleedingEdge/etc'
Using monoOptions --debugger-agent=transport=dt_socket,embedding=1,server=y,suspend=n,address=127.0.0.1:56964
Begin MonoManager ReloadAssembly
Registering precompiled unity dll's ...
Register platform support module: S:/Creative/2021.1.4f1/Editor/Data/PlaybackEngines/WindowsStandaloneSupport/UnityEditor.WindowsStandalone.Extensions.dll
Registered in 0.001073 seconds.
Native extension for WindowsStandalone target not found
Refreshing native plugins compatible for Editor in 95.10 ms, found 2 plugins.
Preloading 0 native plugins for Editor in 0.00 ms.
Mono: successfully reloaded assembly
- Completed reload, in  1.144 seconds
Platform modules already initialized, skipping
Registering precompiled user dll's ...
Registered in 0.002791 seconds.
Begin MonoManager ReloadAssembly
Native extension for WindowsStandalone target not found
Refreshing native plugins compatible for Editor in 94.47 ms, found 2 plugins.
Preloading 0 native plugins for Editor in 0.00 ms.
Mono: successfully reloaded assembly
- Completed reload, in  1.066 seconds
Platform modules already initialized, skipping
========================================================================
Worker process is ready to serve import requests
Launched and connected shader compiler UnityShaderCompiler.exe after 0.03 seconds
Refreshing native plugins compatible for Editor in 0.71 ms, found 2 plugins.
Preloading 0 native plugins for Editor in 0.00 ms.
Unloading 3847 Unused Serialized files (Serialized files now loaded: 0)
System memory in use before: 144.7 MB.
System memory in use after: 144.8 MB.

Unloading 32 unused Assets to reduce memory usage. Loaded Objects now: 4299.
Total: 2.489700 ms (FindLiveObjects: 0.307800 ms CreateObjectMapping: 0.098500 ms MarkObjects: 1.977200 ms  DeleteObjects: 0.105300 ms)

========================================================================
Received Import Request.
  path: Assets/Template Tile Set.png
  artifactKey: Guid(6e3eb27b88224eb4ba501d1fb67a3214) Importer(815301076,1909f56bfc062723c751e8b465ee728b)
Start importing Assets/Template Tile Set.png using Guid(6e3eb27b88224eb4ba501d1fb67a3214) Importer(815301076,1909f56bfc062723c751e8b465ee728b)  -> (artifact id: 'ca935115a996c51bd8e9a176538a5c88') in 0.110631 seconds 
========================================================================
Received Import Request.
  Time since last request: 19.373568 seconds.
  path: Assets/Tile Sets
  artifactKey: Guid(89ea418e54d7b2b4e869d0c16960ffbc) Importer(815301076,1909f56bfc062723c751e8b465ee728b)
Start importing Assets/Tile Sets using Guid(89ea418e54d7b2b4e869d0c16960ffbc) Importer(815301076,1909f56bfc062723c751e8b465ee728b)  -> (artifact id: 'e28eef40098d23b69c0534c12bed6bdd') in 0.006714 seconds 
========================================================================
Received Import Request.
  Time since last request: 314.298502 seconds.
  path: Assets/Tile Sets/Materials/Template Tile Set.mat
  artifactKey: Guid(ba30697fb1d52dc4bb9b8303f3132a40) Importer(815301076,1909f56bfc062723c751e8b465ee728b)
Start importing Assets/Tile Sets/Materials/Template Tile Set.mat using Guid(ba30697fb1d52dc4bb9b8303f3132a40) Importer(815301076,1909f56bfc062723c751e8b465ee728b)  -> (artifact id: '7b3bcc0c601984cc621087350f8a1cd7') in 0.034782 seconds 
========================================================================
Received Import Request.
  Time since last request: 8.885113 seconds.
  path: Assets/Tile Sets/Materials
  artifactKey: Guid(d59eafeff52656b4bb6552b29c09dd1a) Importer(815301076,1909f56bfc062723c751e8b465ee728b)
Start importing Assets/Tile Sets/Materials using Guid(d59eafeff52656b4bb6552b29c09dd1a) Importer(815301076,1909f56bfc062723c751e8b465ee728b)  -> (artifact id: 'e59536b110158113830eec71d0b888d5') in 0.006252 seconds 
========================================================================
Received Import Request.
  Time since last request: 1056.482024 seconds.
  path: Assets/Tile Sets/Base.prefab
  artifactKey: Guid(cf54a98ec90c3ec469c32e507631b167) Importer(815301076,1909f56bfc062723c751e8b465ee728b)
Start importing Assets/Tile Sets/Base.prefab using Guid(cf54a98ec90c3ec469c32e507631b167) Importer(815301076,1909f56bfc062723c751e8b465ee728b)  -> (artifact id: 'b244b8729c59161c8d38c73726bf7bfe') in 0.015022 seconds 
========================================================================
Received Import Request.
  Time since last request: 2437.489030 seconds.
  path: Assets/Tile Sets/Base.prefab
  artifactKey: Guid(cf54a98ec90c3ec469c32e507631b167) Importer(815301076,1909f56bfc062723c751e8b465ee728b)
Start importing Assets/Tile Sets/Base.prefab using Guid(cf54a98ec90c3ec469c32e507631b167) Importer(815301076,1909f56bfc062723c751e8b465ee728b)  -> (artifact id: '388c626568c610a6878684878d281f37') in 0.003139 seconds 
========================================================================
Received Import Request.
  Time since last request: 48.422428 seconds.
  path: Assets/Tile Sets/Rectangular Palette.prefab
  artifactKey: Guid(d44142c6e71410e4c850164f6b5bb8ef) Importer(815301076,1909f56bfc062723c751e8b465ee728b)
Start importing Assets/Tile Sets/Rectangular Palette.prefab using Guid(d44142c6e71410e4c850164f6b5bb8ef) Importer(815301076,1909f56bfc062723c751e8b465ee728b)  -> (artifact id: '728927b417f197d54356a48b4dcdd22f') in 0.007487 seconds 
========================================================================
Received Import Request.
  Time since last request: 15.934535 seconds.
  path: Assets/Tile Sets/Base.prefab
  artifactKey: Guid(cf54a98ec90c3ec469c32e507631b167) Importer(815301076,1909f56bfc062723c751e8b465ee728b)
Start importing Assets/Tile Sets/Base.prefab using Guid(cf54a98ec90c3ec469c32e507631b167) Importer(815301076,1909f56bfc062723c751e8b465ee728b)  -> (artifact id: '72e460c1a00ed9e6ea9c242e1f7f2c31') in 0.003819 seconds 
========================================================================
Received Import Request.
  Time since last request: 10.213312 seconds.
  path: Assets/Tile Sets/Base.prefab
  artifactKey: Guid(cf54a98ec90c3ec469c32e507631b167) Importer(815301076,1909f56bfc062723c751e8b465ee728b)
Start importing Assets/Tile Sets/Base.prefab using Guid(cf54a98ec90c3ec469c32e507631b167) Importer(815301076,1909f56bfc062723c751e8b465ee728b)  -> (artifact id: '1c340979992a4bf14860eaf88eb275ce') in 0.003424 seconds 
========================================================================
Received Import Request.
  Time since last request: 0.000151 seconds.
  path: Assets/Tile Sets/Template Tile Set.asset
  artifactKey: Guid(4a30d06f68a560c49a3c706b5d3fc65e) Importer(815301076,1909f56bfc062723c751e8b465ee728b)
Start importing Assets/Tile Sets/Template Tile Set.asset using Guid(4a30d06f68a560c49a3c706b5d3fc65e) Importer(815301076,1909f56bfc062723c751e8b465ee728b)  -> (artifact id: '5d49f52c70410e320dcd5abc3f6e105d') in 0.016590 seconds 
========================================================================
Received Import Request.
  Time since last request: 70.773847 seconds.
  path: Assets/Tile Sets/Template Tile Set.png
  artifactKey: Guid(6e3eb27b88224eb4ba501d1fb67a3214) Importer(815301076,1909f56bfc062723c751e8b465ee728b)
Start importing Assets/Tile Sets/Template Tile Set.png using Guid(6e3eb27b88224eb4ba501d1fb67a3214) Importer(815301076,1909f56bfc062723c751e8b465ee728b)  -> (artifact id: '924abd94130cd0098dbbb5276a2df29e') in 0.013170 seconds 
========================================================================
Received Import Request.
  Time since last request: 270.868634 seconds.
  path: Assets/Tile Sets/Template Tile Set.png
  artifactKey: Guid(6e3eb27b88224eb4ba501d1fb67a3214) Importer(815301076,1909f56bfc062723c751e8b465ee728b)
Start importing Assets/Tile Sets/Template Tile Set.png using Guid(6e3eb27b88224eb4ba501d1fb67a3214) Importer(815301076,1909f56bfc062723c751e8b465ee728b)  -> (artifact id: '69e3d4450b558c609c89ee09e3ee9ac6') in 0.040742 seconds 
========================================================================
Received Import Request.
  Time since last request: 117.609584 seconds.
  path: Assets/Tile Sets/Base.prefab
  artifactKey: Guid(cf54a98ec90c3ec469c32e507631b167) Importer(815301076,1909f56bfc062723c751e8b465ee728b)
Start importing Assets/Tile Sets/Base.prefab using Guid(cf54a98ec90c3ec469c32e507631b167) Importer(815301076,1909f56bfc062723c751e8b465ee728b)  -> (artifact id: '24ea64a88e5aca03d9cde1cbfeadd66d') in 0.003273 seconds 
========================================================================
Received Import Request.
  Time since last request: 19.965141 seconds.
  path: Assets/Tile Sets/Base.prefab
  artifactKey: Guid(cf54a98ec90c3ec469c32e507631b167) Importer(815301076,1909f56bfc062723c751e8b465ee728b)
Start importing Assets/Tile Sets/Base.prefab using Guid(cf54a98ec90c3ec469c32e507631b167) Importer(815301076,1909f56bfc062723c751e8b465ee728b)  -> (artifact id: '1a447c09b2053ec6ed4ef37a5796bb8e') in 0.003273 seconds 
========================================================================
Received Import Request.
  Time since last request: 0.000109 seconds.
  path: Assets/Tile Sets/Template Tile Set_LowSlopeRA.asset
  artifactKey: Guid(b51f38e40a8b14947ba164cf4cda2e91) Importer(815301076,1909f56bfc062723c751e8b465ee728b)
Start importing Assets/Tile Sets/Template Tile Set_LowSlopeRA.asset using Guid(b51f38e40a8b14947ba164cf4cda2e91) Importer(815301076,1909f56bfc062723c751e8b465ee728b)  -> (artifact id: '132ec7ce6904308c7fa8aabbdb6cad89') in 0.010551 seconds 
========================================================================
Received Import Request.
  Time since last request: 0.000127 seconds.
  path: Assets/Tile Sets/Template Tile Set_LowSlopeLB.asset
  artifactKey: Guid(ce26f138dae07414fac9eeb41aade7f8) Importer(815301076,1909f56bfc062723c751e8b465ee728b)
Start importing Assets/Tile Sets/Template Tile Set_LowSlopeLB.asset using Guid(ce26f138dae07414fac9eeb41aade7f8) Importer(815301076,1909f56bfc062723c751e8b465ee728b)  -> (artifact id: '57151168d8061cf4eca3ec16489c8433') in 0.011069 seconds 
========================================================================
Received Import Request.
  Time since last request: 0.000172 seconds.
  path: Assets/Tile Sets/Template Tile Set_HighSlopeL.asset
  artifactKey: Guid(d8f3dba898dcfd8438c138c0d7b3569c) Importer(815301076,1909f56bfc062723c751e8b465ee728b)
Start importing Assets/Tile Sets/Template Tile Set_HighSlopeL.asset using Guid(d8f3dba898dcfd8438c138c0d7b3569c) Importer(815301076,1909f56bfc062723c751e8b465ee728b)  -> (artifact id: 'e3c0ae2031922e6a7fdc1ec29c788cf5') in 0.010979 seconds 
========================================================================
Received Import Request.
  Time since last request: 0.000182 seconds.
  path: Assets/Tile Sets/Template Tile Set_Platform.asset
  artifactKey: Guid(cffc8afc9f88ec4429a4cb6c1adc7179) Importer(815301076,1909f56bfc062723c751e8b465ee728b)
Start importing Assets/Tile Sets/Template Tile Set_Platform.asset using Guid(cffc8afc9f88ec4429a4cb6c1adc7179) Importer(815301076,1909f56bfc062723c751e8b465ee728b)  -> (artifact id: '04ce7d4f6aab41a907663c9e08cc83ef') in 0.011573 seconds 
========================================================================
Received Import Request.
  Time since last request: 0.000157 seconds.
  path: Assets/Tile Sets/Template Tile Set_LowSlopeRB.asset
  artifactKey: Guid(11da8563c28dbd045a5943f7450fa659) Importer(815301076,1909f56bfc062723c751e8b465ee728b)
Start importing Assets/Tile Sets/Template Tile Set_LowSlopeRB.asset using Guid(11da8563c28dbd045a5943f7450fa659) Importer(815301076,1909f56bfc062723c751e8b465ee728b)  -> (artifact id: '1d129d753a838f8017b79deb7595f080') in 0.010651 seconds 
========================================================================
Received Import Request.
  Time since last request: 0.000188 seconds.
  path: Assets/Tile Sets/Template Tile Set_HighSlopeR.asset
  artifactKey: Guid(0c35b49972933964a93cb8420443095c) Importer(815301076,1909f56bfc062723c751e8b465ee728b)
Start importing Assets/Tile Sets/Template Tile Set_HighSlopeR.asset using Guid(0c35b49972933964a93cb8420443095c) Importer(815301076,1909f56bfc062723c751e8b465ee728b)  -> (artifact id: '4de0a349dab24a6655ad742d5dade022') in 0.011440 seconds 
========================================================================
Received Import Request.
  Time since last request: 0.000202 seconds.
  path: Assets/Tile Sets/Template Tile Set_LowSlopeLA.asset
  artifactKey: Guid(7e67390b48f1c324cbe4edefa2007d71) Importer(815301076,1909f56bfc062723c751e8b465ee728b)
Start importing Assets/Tile Sets/Template Tile Set_LowSlopeLA.asset using Guid(7e67390b48f1c324cbe4edefa2007d71) Importer(815301076,1909f56bfc062723c751e8b465ee728b)  -> (artifact id: '869db7e1dad96c9bf2afbdf841191920') in 0.010622 seconds 
========================================================================
Received Import Request.
  Time since last request: 0.000182 seconds.
  path: Assets/Tile Sets/Template Tile Set_Square.asset
  artifactKey: Guid(437413a5124d2b84eb6a0dd72c792440) Importer(815301076,1909f56bfc062723c751e8b465ee728b)
Start importing Assets/Tile Sets/Template Tile Set_Square.asset using Guid(437413a5124d2b84eb6a0dd72c792440) Importer(815301076,1909f56bfc062723c751e8b465ee728b)  -> (artifact id: '063326fbc585c28ac2f28582d69d80ed') in 0.010669 seconds 
========================================================================
Received Import Request.
  Time since last request: 52.942480 seconds.
  path: Assets/Tile Sets/Base.prefab
  artifactKey: Guid(cf54a98ec90c3ec469c32e507631b167) Importer(815301076,1909f56bfc062723c751e8b465ee728b)
Start importing Assets/Tile Sets/Base.prefab using Guid(cf54a98ec90c3ec469c32e507631b167) Importer(815301076,1909f56bfc062723c751e8b465ee728b)  -> (artifact id: '74231c5d6e103e39ca01a6cd3edd2d7a') in 0.003733 seconds 
========================================================================
Received Import Request.
  Time since last request: 48.459025 seconds.
  path: Assets/Tile Sets/Base.prefab
  artifactKey: Guid(cf54a98ec90c3ec469c32e507631b167) Importer(815301076,1909f56bfc062723c751e8b465ee728b)
Start importing Assets/Tile Sets/Base.prefab using Guid(cf54a98ec90c3ec469c32e507631b167) Importer(815301076,1909f56bfc062723c751e8b465ee728b)  -> (artifact id: '792c750bbaf960f1fd6a68bf73423601') in 0.003566 seconds 
========================================================================
Received Import Request.
  Time since last request: 2.778430 seconds.
  path: Assets/Tile Sets/Base.prefab
  artifactKey: Guid(cf54a98ec90c3ec469c32e507631b167) Importer(815301076,1909f56bfc062723c751e8b465ee728b)
Start importing Assets/Tile Sets/Base.prefab using Guid(cf54a98ec90c3ec469c32e507631b167) Importer(815301076,1909f56bfc062723c751e8b465ee728b)  -> (artifact id: '4f91270e0bf6e0f79e5add2fb9299d07') in 0.003367 seconds 
========================================================================
Received Import Request.
  Time since last request: 10.792032 seconds.
  path: Assets/Tile Sets/Base.prefab
  artifactKey: Guid(cf54a98ec90c3ec469c32e507631b167) Importer(815301076,1909f56bfc062723c751e8b465ee728b)
Start importing Assets/Tile Sets/Base.prefab using Guid(cf54a98ec90c3ec469c32e507631b167) Importer(815301076,1909f56bfc062723c751e8b465ee728b)  -> (artifact id: 'f2f53076f40d103662e544ffeca1490e') in 0.003357 seconds 
========================================================================
Received Import Request.
  Time since last request: 2.185279 seconds.
  path: Assets/Tile Sets/Base.prefab
  artifactKey: Guid(cf54a98ec90c3ec469c32e507631b167) Importer(815301076,1909f56bfc062723c751e8b465ee728b)
Start importing Assets/Tile Sets/Base.prefab using Guid(cf54a98ec90c3ec469c32e507631b167) Importer(815301076,1909f56bfc062723c751e8b465ee728b)  -> (artifact id: '07cf95b277786fce640fe58c2c314553') in 0.003539 seconds 
========================================================================
Received Import Request.
  Time since last request: 2.410531 seconds.
  path: Assets/Tile Sets/Base.prefab
  artifactKey: Guid(cf54a98ec90c3ec469c32e507631b167) Importer(815301076,1909f56bfc062723c751e8b465ee728b)
Start importing Assets/Tile Sets/Base.prefab using Guid(cf54a98ec90c3ec469c32e507631b167) Importer(815301076,1909f56bfc062723c751e8b465ee728b)  -> (artifact id: 'd476a852911e8e3793e5158c07b91a50') in 0.003437 seconds 
========================================================================
Received Import Request.
  Time since last request: 2.193263 seconds.
  path: Assets/Tile Sets/Base.prefab
  artifactKey: Guid(cf54a98ec90c3ec469c32e507631b167) Importer(815301076,1909f56bfc062723c751e8b465ee728b)
Start importing Assets/Tile Sets/Base.prefab using Guid(cf54a98ec90c3ec469c32e507631b167) Importer(815301076,1909f56bfc062723c751e8b465ee728b)  -> (artifact id: '079b6d2f12f3f4cb16e6944f186881be') in 0.003194 seconds 
========================================================================
Received Import Request.
  Time since last request: 2.893465 seconds.
  path: Assets/Tile Sets/Base.prefab
  artifactKey: Guid(cf54a98ec90c3ec469c32e507631b167) Importer(815301076,1909f56bfc062723c751e8b465ee728b)
Start importing Assets/Tile Sets/Base.prefab using Guid(cf54a98ec90c3ec469c32e507631b167) Importer(815301076,1909f56bfc062723c751e8b465ee728b)  -> (artifact id: 'da2732049f5dcfcff5f341d848464067') in 0.003293 seconds 
========================================================================
Received Import Request.
  Time since last request: 2.294103 seconds.
  path: Assets/Tile Sets/Base.prefab
  artifactKey: Guid(cf54a98ec90c3ec469c32e507631b167) Importer(815301076,1909f56bfc062723c751e8b465ee728b)
Start importing Assets/Tile Sets/Base.prefab using Guid(cf54a98ec90c3ec469c32e507631b167) Importer(815301076,1909f56bfc062723c751e8b465ee728b)  -> (artifact id: 'add1529b7c4aaea95d452be4be76e621') in 0.003746 seconds 
AssetImportWorkerClient::OnTransportError - code=2 error=End of file
